<?xml version="1.0" encoding="utf-8"?><testsuites name="pytest tests"><testsuite name="pytest" errors="0" failures="0" skipped="0" tests="26" time="3.418" timestamp="2026-06-10T20:16:00.207318+00:00" hostname="agent-env-89652cc1-9c9e-4544-8dce-b9f46b1728c0"><testcase classname="backend.tests.test_commerce.TestMenu" name="test_get_public_menu" time="0.269" /><testcase classname="backend.tests.test_commerce.TestCollections" name="test_list_collections" time="0.054" /><testcase classname="backend.tests.test_commerce.TestCollections" name="test_get_engagement_rings_collection" time="0.052" /><testcase classname="backend.tests.test_commerce.TestCollections" name="test_collection_sort_price_asc" time="0.055" /><testcase classname="backend.tests.test_commerce.TestCollections" name="test_collection_sort_price_desc" time="0.054" /><testcase classname="backend.tests.test_commerce.TestCollections" name="test_collection_404" time="0.048" /><testcase classname="backend.tests.test_commerce.TestProducts" name="test_list_products" time="0.051" /><testcase classname="backend.tests.test_commerce.TestProducts" name="test_filter_by_collection" time="0.053" /><testcase classname="backend.tests.test_commerce.TestProducts" name="test_filter_featured" time="0.048" /><testcase classname="backend.tests.test_commerce.TestProducts" name="test_search_products" time="0.055" /><testcase classname="backend.tests.test_commerce.TestProducts" name="test_product_detail" time="0.055" /><testcase classname="backend.tests.test_commerce.TestProducts" name="test_product_404" time="0.058" /><testcase classname="backend.tests.test_commerce.TestCheckout" name="test_create_session" time="0.545" /><testcase classname="backend.tests.test_commerce.TestCheckout" name="test_checkout_status" time="0.233" /><testcase classname="backend.tests.test_commerce.TestCheckout" name="test_checkout_invalid_product" time="0.055" /><testcase classname="backend.tests.test_commerce.TestCheckout" name="test_checkout_empty_cart" time="0.059" /><testcase classname="backend.tests.test_commerce.TestCheckout" name="test_amount_not_client_trusted" time="0.374" /><testcase classname="backend.tests.test_commerce.TestAdminCommerce" name="test_admin_list_products" time="0.106" /><testcase classname="backend.tests.test_commerce.TestAdminCommerce" name="test_admin_list_collections" time="0.060" /><testcase classname="backend.tests.test_commerce.TestAdminCommerce" name="test_admin_get_menu" time="0.053" /><testcase classname="backend.tests.test_commerce.TestAdminCommerce" name="test_admin_update_menu" time="0.165" /><testcase classname="backend.tests.test_commerce.TestAdminCommerce" name="test_admin_product_crud" time="0.326" /><testcase classname="backend.tests.test_commerce.TestAdminCommerce" name="test_admin_collection_crud" time="0.234" /><testcase classname="backend.tests.test_commerce.TestAdminCommerce" name="test_admin_shop_orders" time="0.049" /><testcase classname="backend.tests.test_commerce.TestAdminCommerce" name="test_admin_unauth" time="0.058" /><testcase classname="backend.tests.test_commerce.TestAdminCommerce" name="test_admin_create_product_from_project" time="0.164" /></testsuite></testsuites>