<?xml version="1.0" encoding="utf-8"?><testsuites name="pytest tests"><testsuite name="pytest" errors="0" failures="0" skipped="0" tests="25" time="4.326" timestamp="2026-05-25T22:41:38.684592+00:00" hostname="agent-env-45964c0f-6f7a-405f-a66b-ac8672de7ad4"><testcase classname="backend.tests.test_phase4_features.TestContact" name="test_create_contact_success" time="0.480" /><testcase classname="backend.tests.test_phase4_features.TestContact" name="test_create_contact_missing_fields" time="0.059" /><testcase classname="backend.tests.test_phase4_features.TestProjectInquiry" name="test_inquire_nonexistent_slug" time="0.052" /><testcase classname="backend.tests.test_phase4_features.TestProjectInquiry" name="test_inquire_missing_fields" time="0.052" /><testcase classname="backend.tests.test_phase4_features.TestProjectInquiry" name="test_inquire_success_creates_thread_lead_token" time="0.213" /><testcase classname="backend.tests.test_phase4_features.TestUserThreads" name="test_user_can_list_own_threads" time="0.117" /><testcase classname="backend.tests.test_phase4_features.TestUserThreads" name="test_user_can_get_specific_thread" time="0.118" /><testcase classname="backend.tests.test_phase4_features.TestUserThreads" name="test_user_reply_increments_admin_unread" time="0.103" /><testcase classname="backend.tests.test_phase4_features.TestUserThreads" name="test_user_threads_require_auth" time="0.110" /><testcase classname="backend.tests.test_phase4_features.TestAdminThreads" name="test_list_threads" time="0.107" /><testcase classname="backend.tests.test_phase4_features.TestAdminThreads" name="test_filter_threads_by_search" time="0.122" /><testcase classname="backend.tests.test_phase4_features.TestAdminThreads" name="test_filter_threads_by_status_active" time="0.102" /><testcase classname="backend.tests.test_phase4_features.TestAdminThreads" name="test_admin_reply_thread" time="0.411" /><testcase classname="backend.tests.test_phase4_features.TestAdminThreads" name="test_admin_patch_thread_status_closed" time="0.219" /><testcase classname="backend.tests.test_phase4_features.TestBlog" name="test_admin_create_blog" time="0.114" /><testcase classname="backend.tests.test_phase4_features.TestBlog" name="test_admin_create_duplicate_slug_returns_400" time="0.112" /><testcase classname="backend.tests.test_phase4_features.TestBlog" name="test_admin_list_blog" time="0.115" /><testcase classname="backend.tests.test_phase4_features.TestBlog" name="test_admin_update_blog" time="0.110" /><testcase classname="backend.tests.test_phase4_features.TestBlog" name="test_public_blog_list_returns_only_published" time="0.114" /><testcase classname="backend.tests.test_phase4_features.TestBlog" name="test_public_blog_detail" time="0.098" /><testcase classname="backend.tests.test_phase4_features.TestBlog" name="test_admin_delete_blog" time="0.114" /><testcase classname="backend.tests.test_phase4_features.TestProjectPrice" name="test_seeded_project_has_price" time="0.105" /><testcase classname="backend.tests.test_phase4_features.TestProjectPrice" name="test_admin_can_update_project_with_price" time="0.557" /><testcase classname="backend.tests.test_phase4_features.TestSitemap" name="test_sitemap_includes_new_routes" time="0.118" /><testcase classname="backend.tests.test_phase4_features.TestUploadsAudio" name="test_upload_audio_detects_media_type" time="0.422" /></testsuite></testsuites>