<?xml version="1.0" encoding="utf-8"?><testsuites name="pytest tests"><testsuite name="pytest" errors="0" failures="0" skipped="0" tests="4" time="0.692" timestamp="2026-06-12T22:37:21.921542+00:00" hostname="agent-env-1e11105c-fddd-43fa-aa76-f126795ed746"><testcase classname="tests.test_session11_extras" name="test_otp_rate_limit_immediate_second_request" time="0.272" /><testcase classname="tests.test_session11_extras" name="test_admin_settings_patch_persists" time="0.175" /><testcase classname="tests.test_session11_extras" name="test_checkout_status_includes_order" time="0.078" /><testcase classname="tests.test_session11_extras" name="test_admin_shop_order_invoice_pdf" time="0.081" /></testsuite></testsuites>