<?xml version="1.0" encoding="utf-8"?><testsuites name="pytest tests"><testsuite name="pytest" errors="0" failures="0" skipped="1" tests="17" time="2.668" timestamp="2026-06-10T22:36:20.162536+00:00" hostname="agent-env-89652cc1-9c9e-4544-8dce-b9f46b1728c0"><testcase classname="backend.tests.test_unified_shop.TestVariantOptions" name="test_variant_options" time="0.199" /><testcase classname="backend.tests.test_unified_shop.TestCollections" name="test_list_collections_has_engagement_rings" time="0.060" /><testcase classname="backend.tests.test_unified_shop.TestCollections" name="test_engagement_rings_returns_three_products" time="0.059" /><testcase classname="backend.tests.test_unified_shop.TestCollections" name="test_engagement_rings_sort_price_asc" time="0.056" /><testcase classname="backend.tests.test_unified_shop.TestCollections" name="test_engagement_rings_sort_price_desc" time="0.061" /><testcase classname="backend.tests.test_unified_shop.TestCollections" name="test_collection_404" time="0.053" /><testcase classname="backend.tests.test_unified_shop.TestProductsFromProjects" name="test_filter_by_collection_returns_three_buyable_projects" time="0.058" /><testcase classname="backend.tests.test_unified_shop.TestProductsFromProjects" name="test_non_buyable_projects_excluded" time="0.063"><skipped type="pytest.skip" message="No non-buyable projects found in public listing">/app/backend/tests/test_unified_shop.py:161: No non-buyable projects found in public listing</skipped></testcase><testcase classname="backend.tests.test_unified_shop.TestProductsFromProjects" name="test_featured_filter" time="0.059" /><testcase classname="backend.tests.test_unified_shop.TestProjectDetail" name="test_buyable_project_enriched" time="0.056" /><testcase classname="backend.tests.test_unified_shop.TestCheckout" name="test_matrix_priced_checkout" time="0.465" /><testcase classname="backend.tests.test_unified_shop.TestCheckout" name="test_invalid_slug" time="0.055" /><testcase classname="backend.tests.test_unified_shop.TestCheckout" name="test_empty_items" time="0.059" /><testcase classname="backend.tests.test_unified_shop.TestAdminProjects" name="test_admin_list_projects_has_unified_fields" time="0.124" /><testcase classname="backend.tests.test_unified_shop.TestAdminProjects" name="test_admin_update_price_matrix_persists" time="0.234" /><testcase classname="backend.tests.test_unified_shop.TestSale" name="test_enable_sale_and_verify" time="0.662" /><testcase classname="backend.tests.test_unified_shop.TestSale" name="test_disable_sale_resets" time="0.290" /></testsuite></testsuites>